# JRE version: Java(TM) SE Runtime Environment (8.0_45-b14) (build 1.8.0_45-b14)
# Java VM: Java HotSpot(TM) 64-Bit Server VM (25.45-b02 mixed mode windows-amd64 compressed oops)
Heap:
 PSYoungGen      total 229376K, used 55421K [0x00000006c0580000, 0x00000006d0580000, 0x00000007c0000000)
  eden space 196608K, 28% used [0x00000006c0580000,0x00000006c3b9f6f8,0x00000006cc580000)
  from space 32768K, 0% used [0x00000006cc580000,0x00000006cc580000,0x00000006ce580000)
  to   space 32768K, 0% used [0x00000006ce580000,0x00000006ce580000,0x00000006d0580000)
 ParOldGen       total 354816K, used 6910K [0x00000004c1000000, 0x00000004d6a80000, 0x00000006c0580000)
  object space 354816K, 1% used [0x00000004c1000000,0x00000004c16bfa88,0x00000004d6a80000)
 Metaspace       used 25260K, capacity 26749K, committed 26880K, reserved 1073152K
  class space    used 3517K, capacity 3796K, committed 3840K, reserved 1048576K
GC Heap History (4 events):
Event: 1.350 GC heap before
{Heap before GC invocations=1 (full 0):
 PSYoungGen      total 229376K, used 110211K [0x00000006c0580000, 0x00000006d0580000, 0x00000007c0000000)
  eden space 196608K, 56% used [0x00000006c0580000,0x00000006c7120da0,0x00000006cc580000)
  from space 32768K, 0% used [0x00000006ce580000,0x00000006ce580000,0x00000006d0580000)
  to   space 32768K, 0% used [0x00000006cc580000,0x00000006cc580000,0x00000006ce580000)
 ParOldGen       total 524288K, used 0K [0x00000004c1000000, 0x00000004e1000000, 0x00000006c0580000)
  object space 524288K, 0% used [0x00000004c1000000,0x00000004c1000000,0x00000004e1000000)
 Metaspace       used 20331K, capacity 21145K, committed 21296K, reserved 1067008K
  class space    used 2759K, capacity 2944K, committed 2944K, reserved 1048576K
Event: 1.355 GC heap after
Heap after GC invocations=1 (full 0):
 PSYoungGen      total 229376K, used 7088K [0x00000006c0580000, 0x00000006d0580000, 0x00000007c0000000)
  eden space 196608K, 0% used [0x00000006c0580000,0x00000006c0580000,0x00000006cc580000)
  from space 32768K, 21% used [0x00000006cc580000,0x00000006ccc6c3b0,0x00000006ce580000)
  to   space 32768K, 0% used [0x00000006ce580000,0x00000006ce580000,0x00000006d0580000)
 ParOldGen       total 524288K, used 103K [0x00000004c1000000, 0x00000004e1000000, 0x00000006c0580000)
  object space 524288K, 0% used [0x00000004c1000000,0x00000004c1019c70,0x00000004e1000000)
 Metaspace       used 20331K, capacity 21145K, committed 21296K, reserved 1067008K
  class space    used 2759K, capacity 2944K, committed 2944K, reserved 1048576K
}
Event: 1.355 GC heap before
{Heap before GC invocations=2 (full 1):
 PSYoungGen      total 229376K, used 7088K [0x00000006c0580000, 0x00000006d0580000, 0x00000007c0000000)
  eden space 196608K, 0% used [0x00000006c0580000,0x00000006c0580000,0x00000006cc580000)
  from space 32768K, 21% used [0x00000006cc580000,0x00000006ccc6c3b0,0x00000006ce580000)
  to   space 32768K, 0% used [0x00000006ce580000,0x00000006ce580000,0x00000006d0580000)
 ParOldGen       total 524288K, used 103K [0x00000004c1000000, 0x00000004e1000000, 0x00000006c0580000)
  object space 524288K, 0% used [0x00000004c1000000,0x00000004c1019c70,0x00000004e1000000)
 Metaspace       used 20331K, capacity 21145K, committed 21296K, reserved 1067008K
  class space    used 2759K, capacity 2944K, committed 2944K, reserved 1048576K
Event: 1.370 GC heap after
Heap after GC invocations=2 (full 1):
 PSYoungGen      total 229376K, used 0K [0x00000006c0580000, 0x00000006d0580000, 0x00000007c0000000)
  eden space 196608K, 0% used [0x00000006c0580000,0x00000006c0580000,0x00000006cc580000)
  from space 32768K, 0% used [0x00000006cc580000,0x00000006cc580000,0x00000006ce580000)
  to   space 32768K, 0% used [0x00000006ce580000,0x00000006ce580000,0x00000006d0580000)
 ParOldGen       total 354816K, used 6910K [0x00000004c1000000, 0x00000004d6a80000, 0x00000006c0580000)
  object space 354816K, 1% used [0x00000004c1000000,0x00000004c16bfa88,0x00000004d6a80000)
 Metaspace       used 20329K, capacity 21139K, committed 21296K, reserved 1067008K
  class space    used 2758K, capacity 2943K, committed 2944K, reserved 1048576K
}

