# JRE version: Java(TM) SE Runtime Environment (8.0_45-b14) (build 1.8.0_45-b14)
# Java VM: Java HotSpot(TM) 64-Bit Server VM (25.45-b02 mixed mode windows-amd64 compressed oops)
Heap:
 PSYoungGen      total 229376K, used 53459K [0x00000006c0580000, 0x00000006d0580000, 0x00000007c0000000)
  eden space 196608K, 27% used [0x00000006c0580000,0x00000006c39b4d58,0x00000006cc580000)
  from space 32768K, 0% used [0x00000006cc580000,0x00000006cc580000,0x00000006ce580000)
  to   space 32768K, 0% used [0x00000006ce580000,0x00000006ce580000,0x00000006d0580000)
 ParOldGen       total 203776K, used 6941K [0x00000004c1000000, 0x00000004cd700000, 0x00000006c0580000)
  object space 203776K, 3% used [0x00000004c1000000,0x00000004c16c7400,0x00000004cd700000)
 Metaspace       used 25385K, capacity 26872K, committed 27136K, reserved 1073152K
  class space    used 3516K, capacity 3795K, committed 3840K, reserved 1048576K
GC Heap History (4 events):
Event: 4.954 GC heap before
{Heap before GC invocations=1 (full 0):
 PSYoungGen      total 229376K, used 110190K [0x00000006c0580000, 0x00000006d0580000, 0x00000007c0000000)
  eden space 196608K, 56% used [0x00000006c0580000,0x00000006c711b928,0x00000006cc580000)
  from space 32768K, 0% used [0x00000006ce580000,0x00000006ce580000,0x00000006d0580000)
  to   space 32768K, 0% used [0x00000006cc580000,0x00000006cc580000,0x00000006ce580000)
 ParOldGen       total 524288K, used 0K [0x00000004c1000000, 0x00000004e1000000, 0x00000006c0580000)
  object space 524288K, 0% used [0x00000004c1000000,0x00000004c1000000,0x00000004e1000000)
 Metaspace       used 20395K, capacity 21122K, committed 21248K, reserved 1067008K
  class space    used 2769K, capacity 2953K, committed 3072K, reserved 1048576K
Event: 4.958 GC heap after
Heap after GC invocations=1 (full 0):
 PSYoungGen      total 229376K, used 7088K [0x00000006c0580000, 0x00000006d0580000, 0x00000007c0000000)
  eden space 196608K, 0% used [0x00000006c0580000,0x00000006c0580000,0x00000006cc580000)
  from space 32768K, 21% used [0x00000006cc580000,0x00000006ccc6c3d0,0x00000006ce580000)
  to   space 32768K, 0% used [0x00000006ce580000,0x00000006ce580000,0x00000006d0580000)
 ParOldGen       total 524288K, used 103K [0x00000004c1000000, 0x00000004e1000000, 0x00000006c0580000)
  object space 524288K, 0% used [0x00000004c1000000,0x00000004c1019c70,0x00000004e1000000)
 Metaspace       used 20395K, capacity 21122K, committed 21248K, reserved 1067008K
  class space    used 2769K, capacity 2953K, committed 3072K, reserved 1048576K
}
Event: 4.958 GC heap before
{Heap before GC invocations=2 (full 1):
 PSYoungGen      total 229376K, used 7088K [0x00000006c0580000, 0x00000006d0580000, 0x00000007c0000000)
  eden space 196608K, 0% used [0x00000006c0580000,0x00000006c0580000,0x00000006cc580000)
  from space 32768K, 21% used [0x00000006cc580000,0x00000006ccc6c3d0,0x00000006ce580000)
  to   space 32768K, 0% used [0x00000006ce580000,0x00000006ce580000,0x00000006d0580000)
 ParOldGen       total 524288K, used 103K [0x00000004c1000000, 0x00000004e1000000, 0x00000006c0580000)
  object space 524288K, 0% used [0x00000004c1000000,0x00000004c1019c70,0x00000004e1000000)
 Metaspace       used 20395K, capacity 21122K, committed 21248K, reserved 1067008K
  class space    used 2769K, capacity 2953K, committed 3072K, reserved 1048576K
Event: 4.973 GC heap after
Heap after GC invocations=2 (full 1):
 PSYoungGen      total 229376K, used 0K [0x00000006c0580000, 0x00000006d0580000, 0x00000007c0000000)
  eden space 196608K, 0% used [0x00000006c0580000,0x00000006c0580000,0x00000006cc580000)
  from space 32768K, 0% used [0x00000006cc580000,0x00000006cc580000,0x00000006ce580000)
  to   space 32768K, 0% used [0x00000006ce580000,0x00000006ce580000,0x00000006d0580000)
 ParOldGen       total 203776K, used 6941K [0x00000004c1000000, 0x00000004cd700000, 0x00000006c0580000)
  object space 203776K, 3% used [0x00000004c1000000,0x00000004c16c7400,0x00000004cd700000)
 Metaspace       used 20395K, capacity 21122K, committed 21248K, reserved 1067008K
  class space    used 2769K, capacity 2953K, committed 3072K, reserved 1048576K
}

